<?xml version="1.0" encoding="UTF-8"?>
<!-- Generated by org.testng.reporters.JUnitReportReporter -->
<testsuite hostname="LT-WANGLIN002" name="com.accp.test.demo.DemoTest" tests="1" failures="0" timestamp="4 Jun 2018 07:38:16 GMT" time="1.060" errors="0">
  <testcase name="demoTest" time="1.060" classname="com.accp.test.demo.DemoTest"/>
</testsuite> <!-- com.accp.test.demo.DemoTest -->
